/*C4*/SET SCHEMA PUBLIC
DISCONNECT
/*C5*/SET SCHEMA PUBLIC
alter table FACTURACION.DOCUMENTOCOMERCIAL add column factura_oid varchar(32)
alter table facturacion.DocumentoComercial add constraint FK4lhtu14i3f0y8m4ohuxww2b48 foreign key (factura_oid) references facturacion.DocumentoComercial
SET SCHEMA FACTURACION
INSERT INTO CLIENTE VALUES(1,'CHIQUIL',1234,'','','MAYA')
COMMIT
INSERT INTO DOCUMENTOCOMERCIAL VALUES('Factura','4028828283b9aa4f0183b9af6be50000',2022,'2022-10-08',1,'',50,NULL)
INSERT INTO DOCUMENTOCOMERCIAL_DETALLES VALUES('4028828283b9aa4f0183b9af6be50000',0,17)
INSERT INTO DOCUMENTOCOMERCIAL VALUES('Pedido','4028828283b9aa4f0183b9af6c3c0001',2022,'2022-10-08',1,'',1,'4028828283b9aa4f0183b9af6be50000')
INSERT INTO DOCUMENTOCOMERCIAL_DETALLES VALUES('4028828283b9aa4f0183b9af6c3c0001',0,17)
INSERT INTO DOCUMENTOCOMERCIAL_DETALLES VALUES('4028828283b9aa4f0183b9af6c3c0001',0,15)
COMMIT
INSERT INTO DOCUMENTOCOMERCIAL VALUES('Factura','4028828283b9aa4f0183b9b177e30002',2022,'2022-10-08',2,'',1,NULL)
INSERT INTO DOCUMENTOCOMERCIAL_DETALLES VALUES('4028828283b9aa4f0183b9b177e30002',0,12)
COMMIT
INSERT INTO DOCUMENTOCOMERCIAL VALUES('Pedido','4028828283b9aa4f0183b9b188610003',2022,'2022-10-08',2,'',1,'4028828283b9aa4f0183b9b177e30002')
INSERT INTO DOCUMENTOCOMERCIAL_DETALLES VALUES('4028828283b9aa4f0183b9b188610003',0,17)
INSERT INTO DOCUMENTOCOMERCIAL_DETALLES VALUES('4028828283b9aa4f0183b9b188610003',0,15)
COMMIT
